Determining if the pthread_create exist failed with the following output:
Change Dir: /home/marsrover/BYU-Mars-Rover/moveit_ws_2020/build/catkin_tools_prebuild/CMakeFiles/CMakeTmp

Run Build Command:"/usr/bin/make" "cmTC_b1325/fast"
/usr/bin/make -f CMakeFiles/cmTC_b1325.dir/build.make CMakeFiles/cmTC_b1325.dir/build
make[1]: Entering directory '/home/marsrover/BYU-Mars-Rover/moveit_ws_2020/build/catkin_tools_prebuild/CMakeFiles/CMakeTmp'
Building C object CMakeFiles/cmTC_b1325.dir/CheckSymbolExists.c.o
/usr/bin/cc     -o CMakeFiles/cmTC_b1325.dir/CheckSymbolExists.c.o   -c /home/marsrover/BYU-Mars-Rover/moveit_ws_2020/build/catkin_tools_prebuild/CMakeFiles/CMakeTmp/CheckSymbolExists.c
Linking C executable cmTC_b1325
/usr/bin/cmake -E cmake_link_script CMakeFiles/cmTC_b1325.dir/link.txt --verbose=1
/usr/bin/cc       CMakeFiles/cmTC_b1325.dir/CheckSymbolExists.c.o  -o cmTC_b1325 -rdynamic 
CMakeFiles/cmTC_b1325.dir/CheckSymbolExists.c.o: In function `main':
CheckSymbolExists.c:(.text+0x16): undefined reference to `pthread_create'
collect2: error: ld returned 1 exit status
CMakeFiles/cmTC_b1325.dir/build.make:97: recipe for target 'cmTC_b1325' failed
make[1]: *** [cmTC_b1325] Error 1
make[1]: Leaving directory '/home/marsrover/BYU-Mars-Rover/moveit_ws_2020/build/catkin_tools_prebuild/CMakeFiles/CMakeTmp'
Makefile:126: recipe for target 'cmTC_b1325/fast' failed
make: *** [cmTC_b1325/fast] Error 2

File /home/marsrover/BYU-Mars-Rover/moveit_ws_2020/build/catkin_tools_prebuild/CMakeFiles/CMakeTmp/CheckSymbolExists.c:
/* */
#include <pthread.h>

int main(int argc, char** argv)
{
  (void)argv;
#ifndef pthread_create
  return ((int*)(&pthread_create))[argc];
#else
  (void)argc;
  return 0;
#endif
}

Determining if the function pthread_create exists in the pthreads failed with the following output:
Change Dir: /home/marsrover/BYU-Mars-Rover/moveit_ws_2020/build/catkin_tools_prebuild/CMakeFiles/CMakeTmp

Run Build Command:"/usr/bin/make" "cmTC_10aef/fast"
/usr/bin/make -f CMakeFiles/cmTC_10aef.dir/build.make CMakeFiles/cmTC_10aef.dir/build
make[1]: Entering directory '/home/marsrover/BYU-Mars-Rover/moveit_ws_2020/build/catkin_tools_prebuild/CMakeFiles/CMakeTmp'
Building C object CMakeFiles/cmTC_10aef.dir/CheckFunctionExists.c.o
/usr/bin/cc    -DCHECK_FUNCTION_EXISTS=pthread_create   -o CMakeFiles/cmTC_10aef.dir/CheckFunctionExists.c.o   -c /usr/share/cmake-3.5/Modules/CheckFunctionExists.c
Linking C executable cmTC_10aef
/usr/bin/cmake -E cmake_link_script CMakeFiles/cmTC_10aef.dir/link.txt --verbose=1
/usr/bin/cc   -DCHECK_FUNCTION_EXISTS=pthread_create    CMakeFiles/cmTC_10aef.dir/CheckFunctionExists.c.o  -o cmTC_10aef -rdynamic -lpthreads 
/usr/bin/ld: cannot find -lpthreads
collect2: error: ld returned 1 exit status
CMakeFiles/cmTC_10aef.dir/build.make:97: recipe for target 'cmTC_10aef' failed
make[1]: *** [cmTC_10aef] Error 1
make[1]: Leaving directory '/home/marsrover/BYU-Mars-Rover/moveit_ws_2020/build/catkin_tools_prebuild/CMakeFiles/CMakeTmp'
Makefile:126: recipe for target 'cmTC_10aef/fast' failed
make: *** [cmTC_10aef/fast] Error 2


