/usr/bin/ld: warning: libmoveit_planning_scene_monitor.so.0.9.17, needed by /opt/ros/kinetic/lib/libmoveit_visual_tools.so, not found (try using -rpath or -rpath-link)
/usr/bin/ld: warning: libmoveit_robot_model.so.0.9.17, needed by /opt/ros/kinetic/lib/libmoveit_visual_tools.so, not found (try using -rpath or -rpath-link)
/usr/bin/ld: warning: libmoveit_transforms.so.0.9.17, needed by /opt/ros/kinetic/lib/libmoveit_visual_tools.so, not found (try using -rpath or -rpath-link)
/usr/bin/ld: warning: libmoveit_robot_state.so.0.9.17, needed by /opt/ros/kinetic/lib/libmoveit_visual_tools.so, not found (try using -rpath or -rpath-link)
/usr/bin/ld: warning: libmoveit_robot_trajectory.so.0.9.17, needed by /opt/ros/kinetic/lib/libmoveit_visual_tools.so, not found (try using -rpath or -rpath-link)
/usr/bin/ld: warning: libmoveit_collision_detection.so.0.9.17, needed by /opt/ros/kinetic/lib/libmoveit_visual_tools.so, not found (try using -rpath or -rpath-link)
/usr/bin/ld: warning: libmoveit_planning_scene.so.0.9.17, needed by /opt/ros/kinetic/lib/libmoveit_visual_tools.so, not found (try using -rpath or -rpath-link)
/usr/bin/ld: warning: libmoveit_planning_scene_monitor.so.0.9.17, needed by /opt/ros/kinetic/lib/libmoveit_visual_tools.so, not found (try using -rpath or -rpath-link)
/usr/bin/ld: warning: libmoveit_robot_model.so.0.9.17, needed by /opt/ros/kinetic/lib/libmoveit_visual_tools.so, not found (try using -rpath or -rpath-link)
/usr/bin/ld: warning: libmoveit_transforms.so.0.9.17, needed by /opt/ros/kinetic/lib/libmoveit_visual_tools.so, not found (try using -rpath or -rpath-link)
/usr/bin/ld: warning: libmoveit_robot_state.so.0.9.17, needed by /opt/ros/kinetic/lib/libmoveit_visual_tools.so, not found (try using -rpath or -rpath-link)
/usr/bin/ld: warning: libmoveit_robot_trajectory.so.0.9.17, needed by /opt/ros/kinetic/lib/libmoveit_visual_tools.so, not found (try using -rpath or -rpath-link)
/usr/bin/ld: warning: libmoveit_collision_detection.so.0.9.17, needed by /opt/ros/kinetic/lib/libmoveit_visual_tools.so, not found (try using -rpath or -rpath-link)
/usr/bin/ld: warning: libmoveit_planning_scene.so.0.9.17, needed by /opt/ros/kinetic/lib/libmoveit_visual_tools.so, not found (try using -rpath or -rpath-link)
/usr/bin/ld: warning: libmoveit_planning_scene_monitor.so.0.9.17, needed by /opt/ros/kinetic/lib/libmoveit_visual_tools.so, not found (try using -rpath or -rpath-link)
/usr/bin/ld: warning: libmoveit_robot_model.so.0.9.17, needed by /opt/ros/kinetic/lib/libmoveit_visual_tools.so, not found (try using -rpath or -rpath-link)
/usr/bin/ld: warning: libmoveit_transforms.so.0.9.17, needed by /opt/ros/kinetic/lib/libmoveit_visual_tools.so, not found (try using -rpath or -rpath-link)
/usr/bin/ld: warning: libmoveit_robot_state.so.0.9.17, needed by /opt/ros/kinetic/lib/libmoveit_visual_tools.so, not found (try using -rpath or -rpath-link)
/usr/bin/ld: warning: libmoveit_robot_trajectory.so.0.9.17, needed by /opt/ros/kinetic/lib/libmoveit_visual_tools.so, not found (try using -rpath or -rpath-link)
/usr/bin/ld: warning: libmoveit_collision_detection.so.0.9.17, needed by /opt/ros/kinetic/lib/libmoveit_visual_tools.so, not found (try using -rpath or -rpath-link)
/usr/bin/ld: warning: libmoveit_planning_scene.so.0.9.17, needed by /opt/ros/kinetic/lib/libmoveit_visual_tools.so, not found (try using -rpath or -rpath-link)
/usr/bin/ld: warning: libmoveit_planning_scene_monitor.so.0.9.17, needed by /opt/ros/kinetic/lib/libmoveit_visual_tools.so, not found (try using -rpath or -rpath-link)
/usr/bin/ld: warning: libmoveit_robot_model.so.0.9.17, needed by /opt/ros/kinetic/lib/libmoveit_visual_tools.so, not found (try using -rpath or -rpath-link)
/usr/bin/ld: warning: libmoveit_transforms.so.0.9.17, needed by /opt/ros/kinetic/lib/libmoveit_visual_tools.so, not found (try using -rpath or -rpath-link)
/usr/bin/ld: warning: libmoveit_robot_state.so.0.9.17, needed by /opt/ros/kinetic/lib/libmoveit_visual_tools.so, not found (try using -rpath or -rpath-link)
/usr/bin/ld: warning: libmoveit_robot_trajectory.so.0.9.17, needed by /opt/ros/kinetic/lib/libmoveit_visual_tools.so, not found (try using -rpath or -rpath-link)
/usr/bin/ld: warning: libmoveit_collision_detection.so.0.9.17, needed by /opt/ros/kinetic/lib/libmoveit_visual_tools.so, not found (try using -rpath or -rpath-link)
/usr/bin/ld: warning: libmoveit_planning_scene.so.0.9.17, needed by /opt/ros/kinetic/lib/libmoveit_visual_tools.so, not found (try using -rpath or -rpath-link)
