Determining if the pthread_create exist failed with the following output:
Change Dir: /home/marsrover/BYU-Mars-Rover/moveit_ws_2020/build/moveit_tutorials/CMakeFiles/CMakeTmp

Run Build Command:"/usr/bin/make" "cmTC_398cd/fast"
/usr/bin/make -f CMakeFiles/cmTC_398cd.dir/build.make CMakeFiles/cmTC_398cd.dir/build
make[1]: Entering directory '/home/marsrover/BYU-Mars-Rover/moveit_ws_2020/build/moveit_tutorials/CMakeFiles/CMakeTmp'
Building C object CMakeFiles/cmTC_398cd.dir/CheckSymbolExists.c.o
/usr/bin/cc     -o CMakeFiles/cmTC_398cd.dir/CheckSymbolExists.c.o   -c /home/marsrover/BYU-Mars-Rover/moveit_ws_2020/build/moveit_tutorials/CMakeFiles/CMakeTmp/CheckSymbolExists.c
Linking C executable cmTC_398cd
/usr/bin/cmake -E cmake_link_script CMakeFiles/cmTC_398cd.dir/link.txt --verbose=1
/usr/bin/cc       CMakeFiles/cmTC_398cd.dir/CheckSymbolExists.c.o  -o cmTC_398cd -rdynamic 
CMakeFiles/cmTC_398cd.dir/CheckSymbolExists.c.o: In function `main':
CheckSymbolExists.c:(.text+0x16): undefined reference to `pthread_create'
collect2: error: ld returned 1 exit status
CMakeFiles/cmTC_398cd.dir/build.make:97: recipe for target 'cmTC_398cd' failed
make[1]: *** [cmTC_398cd] Error 1
make[1]: Leaving directory '/home/marsrover/BYU-Mars-Rover/moveit_ws_2020/build/moveit_tutorials/CMakeFiles/CMakeTmp'
Makefile:126: recipe for target 'cmTC_398cd/fast' failed
make: *** [cmTC_398cd/fast] Error 2

File /home/marsrover/BYU-Mars-Rover/moveit_ws_2020/build/moveit_tutorials/CMakeFiles/CMakeTmp/CheckSymbolExists.c:
/* */
#include <pthread.h>

int main(int argc, char** argv)
{
  (void)argv;
#ifndef pthread_create
  return ((int*)(&pthread_create))[argc];
#else
  (void)argc;
  return 0;
#endif
}

Determining if the function pthread_create exists in the pthreads failed with the following output:
Change Dir: /home/marsrover/BYU-Mars-Rover/moveit_ws_2020/build/moveit_tutorials/CMakeFiles/CMakeTmp

Run Build Command:"/usr/bin/make" "cmTC_95c16/fast"
/usr/bin/make -f CMakeFiles/cmTC_95c16.dir/build.make CMakeFiles/cmTC_95c16.dir/build
make[1]: Entering directory '/home/marsrover/BYU-Mars-Rover/moveit_ws_2020/build/moveit_tutorials/CMakeFiles/CMakeTmp'
Building C object CMakeFiles/cmTC_95c16.dir/CheckFunctionExists.c.o
/usr/bin/cc    -DCHECK_FUNCTION_EXISTS=pthread_create   -o CMakeFiles/cmTC_95c16.dir/CheckFunctionExists.c.o   -c /usr/share/cmake-3.5/Modules/CheckFunctionExists.c
Linking C executable cmTC_95c16
/usr/bin/cmake -E cmake_link_script CMakeFiles/cmTC_95c16.dir/link.txt --verbose=1
/usr/bin/cc   -DCHECK_FUNCTION_EXISTS=pthread_create    CMakeFiles/cmTC_95c16.dir/CheckFunctionExists.c.o  -o cmTC_95c16 -rdynamic -lpthreads 
/usr/bin/ld: cannot find -lpthreads
collect2: error: ld returned 1 exit status
CMakeFiles/cmTC_95c16.dir/build.make:97: recipe for target 'cmTC_95c16' failed
make[1]: *** [cmTC_95c16] Error 1
make[1]: Leaving directory '/home/marsrover/BYU-Mars-Rover/moveit_ws_2020/build/moveit_tutorials/CMakeFiles/CMakeTmp'
Makefile:126: recipe for target 'cmTC_95c16/fast' failed
make: *** [cmTC_95c16/fast] Error 2


